C51 COMPILER V9.52.0.0   TIMER01_M0                                                        05/15/2018 15:09:49 PAGE 1   


C51 COMPILER V9.52.0.0, COMPILATION OF MODULE TIMER01_M0
OBJECT MODULE PLACED IN .\Output\Timer01_M0.obj
COMPILER INVOKED BY: C:\Keil\C51\BIN\C51.EXE Code\Timer01_M0.c OPTIMIZE(0,SPEED) BROWSE INCDIR(..\Include) DEFINE(FOSC_1
                    -60000) DEBUG OBJECTEXTEND PRINT(.\LST\Timer01_M0.lst) TABS(2) OBJECT(.\Output\Timer01_M0.obj)

line level    source

   1          /*--------------------------------------------------------------------------------------------------------
             --*/
   2          /*                                                                                                        
             - */
   3          /* Copyright(c) 2017 Nuvoton Technology Corp. All rights reserved.                                        
             - */
   4          /*                                                                                                        
             - */
   5          /*--------------------------------------------------------------------------------------------------------
             --*/
   6          
   7          //********************************************************************************************************
             -***
   8          //  Nuvoton Technoledge Corp. 
   9          //  Website: http://www.nuvoton.com
  10          //  E-Mail : MicroC-8bit@nuvoton.com
  11          //  Date   : Apr/21/2017
  12          //********************************************************************************************************
             -***
  13          
  14          //********************************************************************************************************
             -***
  15          //  File Function: N76E003 Timer0/1 Mode0 demo code
  16          //********************************************************************************************************
             -***
  17          #include "N76E003.h"
  18          #include "Common.h"
  19          #include "Delay.h"
  20          #include "SFR_Macro.h"
  21          #include "Function_define.h"
  22          
  23          //*****************  The Following is in define in Fucntion_define.h  ***************************
  24          //****** Always include Function_define.h call the define you want, detail see main(void) *******
  25          //***********************************************************************************************
  26          #if 0
              //#define   TIMER1_MODE0_ENABLE   TMOD&=0x0F
              //#define   TIMER1_MODE1_ENABLE   TMOD&=0x0F;TMOD|=0x10
              //#define   TIMER1_MODE2_ENABLE   TMOD&=0x0F;TMOD|=0x20
              //#define   TIMER1_MODE3_ENABLE   TMOD&=0x0F;TMOD|=0x3F
              
              //#define   TIMER0_MODE0_ENABLE   TMOD&=0xF0
              //#define   TIMER0_MODE1_ENABLE   TMOD&=0xF0;TMOD|=0x01
              //#define   TIMER0_MODE2_ENABLE   TMOD&=0xF0;TMOD|=0x02
              //#define   TIMER0_MODE3_ENABLE   TMOD&=0xF0;TMOD|=0xF3
              #endif
  37          
  38          #define TH0_INIT        0xFC //5.0ms@XTAL=12MHz, Period = (10.85/2) ms@XTAL=22.1184MHz
  39          #define TL0_INIT        0x0F
  40          #define TH1_INIT        0xE0 //2.5ms@XTAL=12MHz, Period = (5.425/2) ms@XTAL=22.1184MHz
  41          #define TL1_INIT        0x00
  42          
  43          
  44          /*********************************************************************************************************
             -***
C51 COMPILER V9.52.0.0   TIMER01_M0                                                        05/15/2018 15:09:49 PAGE 2   

  45          *    TIMER 0 interrupt subroutine
  46          **********************************************************************************************************
             -**/
  47          void Timer0_ISR (void) interrupt 1          //interrupt address is 0x000B
  48          {
  49   1          TH0 = TH0_INIT;
  50   1          TL0 = TL0_INIT;    
  51   1          P12 = ~P12;                             // GPIO toggle when interrupt
  52   1      }
  53          /*********************************************************************************************************
             -***
  54          *    TIMER 1 interrupt subroutine
  55          **********************************************************************************************************
             -**/
  56          void Timer1_ISR (void) interrupt 3          //interrupt address is 0x001B
  57          {
  58   1          TH1 = TH1_INIT;
  59   1          TL1 = TL1_INIT;   
  60   1          P03 = ~P03;                             // GPIO toggle when interrupt
  61   1      }
  62          
  63          void main (void)
  64          {
  65   1        TMOD = 0XFF;
  66   1        Set_All_GPIO_Quasi_Mode;
  67   1        TIMER0_MODE0_ENABLE;                        //Timer 0 and Timer 1 mode configuration
  68   1        TIMER1_MODE0_ENABLE;
  69   1          
  70   1        clr_T0M;
  71   1        clr_T1M;
  72   1          
  73   1        TH0 = TH0_INIT;
  74   1        TL0 = TL0_INIT;
  75   1        TH1 = TH1_INIT;
  76   1        TL1 = TL1_INIT;
  77   1          
  78   1      //  set_ET0;                                    //enable Timer0 interrupt
  79   1        set_ET1;                                    //enable Timer1 interrupt
  80   1        set_EA;                                     //enable interrupts
  81   1        
  82   1        set_TR0;                                    //Timer0 run
  83   1      //  set_TR1;                                    //Timer1 run
  84   1      
  85   1        while(1)
  86   1        {
  87   2          TH0 = TH0_INIT;
  88   2          TL0 = TL0_INIT;
  89   2          set_TR0; 
  90   2          while(!TF0);
  91   2          clr_TR0;
  92   2          P12 = ~P12; 
  93   2          TF0 = 0 ;
  94   2      }
  95   1      }
  96          /*********************************************************************************************************
             -***
  97          *    Main function 
  98          **********************************************************************************************************
             -**/
  99          #if 0
              void main (void)
              {
C51 COMPILER V9.52.0.0   TIMER01_M0                                                        05/15/2018 15:09:49 PAGE 3   

                TMOD = 0XFF;
                Set_All_GPIO_Quasi_Mode;
                TIMER0_MODE0_ENABLE;                        //Timer 0 and Timer 1 mode configuration
                TIMER1_MODE0_ENABLE;
                  
                clr_T0M;
                clr_T1M;
                  
                TH0 = TH0_INIT;
                TL0 = TL0_INIT;
                TH1 = TH1_INIT;
                TL1 = TL1_INIT;
                  
              //  set_ET0;                                    //enable Timer0 interrupt
                set_ET1;                                    //enable Timer1 interrupt
                set_EA;                                     //enable interrupts
                
                set_TR0;                                    //Timer0 run
              //  set_TR1;                                    //Timer1 run
              
                while(1)
                {
                  TH0 = TH0_INIT;
                  TL0 = TL0_INIT;
                  set_TR0; 
                  while(!TF0);
                  clr_TR0;
                  P12 = ~P12; 
                  TF0 = 0 ;
              }
              }
              #endif


MODULE INFORMATION:   STATIC OVERLAYABLE
   CODE SIZE        =     89    ----
   CONSTANT SIZE    =   ----    ----
   XDATA SIZE       =   ----    ----
   PDATA SIZE       =   ----    ----
   DATA SIZE        =   ----    ----
   IDATA SIZE       =   ----    ----
   BIT SIZE         =   ----    ----
END OF MODULE INFORMATION.


C51 COMPILATION COMPLETE.  0 WARNING(S),  0 ERROR(S)
